<?xml version="1.0" encoding="UTF-8"?>
<testng-results ignored="0" total="1" passed="1" failed="0" skipped="0">
  <reporter-output>
    <line>
      <![CDATA[Default suiteSuite successfully started]]>
    </line>
    <line>
      <![CDATA[browser successfully opened]]>
    </line>
    <line>
      <![CDATA[logged out successfully]]>
    </line>
    <line>
      <![CDATA[addToCartTest script has started execution]]>
    </line>
    <line>
      <![CDATA[addToCartTest script successfully passed]]>
    </line>
    <line>
      <![CDATA[logged out successfully]]>
    </line>
    <line>
      <![CDATA[browser closed]]>
    </line>
  </reporter-output>
  <suite started-at="2024-05-31T15:29:55 IST" name="Default suite" finished-at="2024-05-31T15:30:09 IST" duration-ms="13801">
    <groups>
    </groups>
    <test started-at="2024-05-31T15:29:55 IST" name="Default test" finished-at="2024-05-31T15:30:09 IST" duration-ms="13801">
      <class name="scripts.AddToCart">
        <test-method is-config="true" signature="openBrowser()[pri:0, instance:scripts.AddToCart@36bc55de]" started-at="2024-05-31T15:29:55 IST" name="openBrowser" finished-at="2024-05-31T15:30:02 IST" duration-ms="6502" status="PASS">
          <reporter-output>
            <line>
              <![CDATA[browser successfully opened]]>
            </line>
          </reporter-output>
        </test-method> <!-- openBrowser -->
        <test-method is-config="true" signature="login()[pri:0, instance:scripts.AddToCart@36bc55de]" started-at="2024-05-31T15:30:02 IST" name="login" finished-at="2024-05-31T15:30:05 IST" duration-ms="3110" status="PASS">
          <reporter-output>
            <line>
              <![CDATA[logged out successfully]]>
            </line>
          </reporter-output>
        </test-method> <!-- login -->
        <test-method signature="addToCart()[pri:0, instance:scripts.AddToCart@36bc55de]" started-at="2024-05-31T15:30:05 IST" name="addToCart" finished-at="2024-05-31T15:30:07 IST" duration-ms="2790" status="PASS">
          <reporter-output>
            <line>
              <![CDATA[addToCartTest script has started execution]]>
            </line>
            <line>
              <![CDATA[addToCartTest script successfully passed]]>
            </line>
          </reporter-output>
        </test-method> <!-- addToCart -->
        <test-method is-config="true" signature="logout()[pri:0, instance:scripts.AddToCart@36bc55de]" started-at="2024-05-31T15:30:07 IST" name="logout" finished-at="2024-05-31T15:30:08 IST" duration-ms="971" status="PASS">
          <reporter-output>
            <line>
              <![CDATA[logged out successfully]]>
            </line>
          </reporter-output>
        </test-method> <!-- logout -->
        <test-method is-config="true" signature="closeBrowser()[pri:0, instance:scripts.AddToCart@36bc55de]" started-at="2024-05-31T15:30:08 IST" name="closeBrowser" finished-at="2024-05-31T15:30:09 IST" duration-ms="341" status="PASS">
          <reporter-output>
            <line>
              <![CDATA[browser closed]]>
            </line>
          </reporter-output>
        </test-method> <!-- closeBrowser -->
      </class> <!-- scripts.AddToCart -->
    </test> <!-- Default test -->
  </suite> <!-- Default suite -->
</testng-results>
